 ----- TRAINING REGRESSOR ----- 
Loaded ->  Best_model/Trained_models/difference/300_seconds/TimeSeriesKMedoids/gridsearch_c42fbe82af/best_estimator.zip
Loaded ->  Best_model/Trained_models/ai/300_seconds/TimeSeriesKMeans/gridsearch_cb762cccb4/best_estimator.zip
Loaded ->  Best_model/Trained_models/difference/300_seconds/BOSSEnsemble/gridsearch_e52c627f3a/best_estimator.zip
Loaded ->  Best_model/Trained_models/concat/300_seconds/BOSSEnsemble/gridsearch_e52c627f3a/best_estimator.zip
Loaded ->  Best_model/Trained_models/difference/300_seconds/TimeSeriesKMeans/gridsearch_cb762cccb4/best_estimator.zip
REGRESSOR: PATIENT  16 BEGIN
REGRESSOR: PATIENT  16 END
REGRESSOR: PATIENT  27 BEGIN
REGRESSOR: PATIENT  27 END
REGRESSOR: PATIENT  51 BEGIN
REGRESSOR: PATIENT  51 END
REGRESSOR: PATIENT  44 BEGIN
REGRESSOR: PATIENT  44 END
REGRESSOR: PATIENT  59 BEGIN
REGRESSOR: PATIENT  59 END
REGRESSOR: PATIENT  57 BEGIN
REGRESSOR: PATIENT  57 END
REGRESSOR: PATIENT  5 BEGIN
REGRESSOR: PATIENT  5 END
REGRESSOR: PATIENT  50 BEGIN
REGRESSOR: PATIENT  50 END
REGRESSOR: PATIENT  53 BEGIN
REGRESSOR: PATIENT  53 END
REGRESSOR: PATIENT  56 BEGIN
REGRESSOR: PATIENT  56 END
REGRESSOR: PATIENT  79 BEGIN
REGRESSOR: PATIENT  79 END
REGRESSOR: PATIENT  80 BEGIN
REGRESSOR: PATIENT  80 END
REGRESSOR: PATIENT  55 BEGIN
REGRESSOR: PATIENT  55 END
REGRESSOR: PATIENT  60 BEGIN
REGRESSOR: PATIENT  60 END
REGRESSOR: PATIENT  28 BEGIN
REGRESSOR: PATIENT  28 END
REGRESSOR: PATIENT  40 BEGIN
REGRESSOR: PATIENT  40 END
REGRESSOR: PATIENT  3 BEGIN
REGRESSOR: PATIENT  3 END
REGRESSOR: PATIENT  34 BEGIN
REGRESSOR: PATIENT  34 END
REGRESSOR: PATIENT  77 BEGIN
REGRESSOR: PATIENT  77 END
REGRESSOR: PATIENT  38 BEGIN
REGRESSOR: PATIENT  38 END
REGRESSOR: PATIENT  7 BEGIN
REGRESSOR: PATIENT  7 END
REGRESSOR: PATIENT  72 BEGIN
REGRESSOR: PATIENT  72 END
REGRESSOR: PATIENT  65 BEGIN
REGRESSOR: PATIENT  65 END
REGRESSOR: PATIENT  15 BEGIN
REGRESSOR: PATIENT  15 END
REGRESSOR: PATIENT  18 BEGIN
REGRESSOR: PATIENT  18 END
REGRESSOR: PATIENT  42 BEGIN
REGRESSOR: PATIENT  42 END
REGRESSOR: PATIENT  6 BEGIN
REGRESSOR: PATIENT  6 END
REGRESSOR: PATIENT  24 BEGIN
REGRESSOR: PATIENT  24 END
REGRESSOR: PATIENT  35 BEGIN
REGRESSOR: PATIENT  35 END
REGRESSOR: PATIENT  74 BEGIN
REGRESSOR: PATIENT  74 END
REGRESSOR: PATIENT  67 BEGIN
REGRESSOR: PATIENT  67 END
REGRESSOR: PATIENT  11 BEGIN
REGRESSOR: PATIENT  11 END
REGRESSOR: PATIENT  45 BEGIN
REGRESSOR: PATIENT  45 END
REGRESSOR: PATIENT  73 BEGIN
REGRESSOR: PATIENT  73 END
REGRESSOR: PATIENT  32 BEGIN
REGRESSOR: PATIENT  32 END
REGRESSOR: PATIENT  47 BEGIN
REGRESSOR: PATIENT  47 END
REGRESSOR: PATIENT  29 BEGIN
REGRESSOR: PATIENT  29 END
REGRESSOR: PATIENT  66 BEGIN
REGRESSOR: PATIENT  66 END
REGRESSOR: PATIENT  26 BEGIN
REGRESSOR: PATIENT  26 END
REGRESSOR: PATIENT  33 BEGIN
REGRESSOR: PATIENT  33 END
REGRESSOR: PATIENT  31 BEGIN
REGRESSOR: PATIENT  31 END
REGRESSOR: PATIENT  64 BEGIN
REGRESSOR: PATIENT  64 END
REGRESSOR: PATIENT  46 BEGIN
REGRESSOR: PATIENT  46 END
REGRESSOR: PATIENT  13 BEGIN
REGRESSOR: PATIENT  13 END
REGRESSOR: PATIENT  69 BEGIN
REGRESSOR: PATIENT  69 END
REGRESSOR: PATIENT  10 BEGIN
REGRESSOR: PATIENT  10 END
REGRESSOR: PATIENT  71 BEGIN
REGRESSOR: PATIENT  71 END
REGRESSOR: PATIENT  52 BEGIN
REGRESSOR: PATIENT  52 END
REGRESSOR: PATIENT  37 BEGIN
REGRESSOR: PATIENT  37 END
REGRESSOR: PATIENT  2 BEGIN
REGRESSOR: PATIENT  2 END
REGRESSOR: PATIENT  36 BEGIN
REGRESSOR: PATIENT  36 END
REGRESSOR: PATIENT  17 BEGIN
REGRESSOR: PATIENT  17 END
REGRESSOR: PATIENT  14 BEGIN
REGRESSOR: PATIENT  14 END
REGRESSOR: PATIENT  78 BEGIN
REGRESSOR: PATIENT  78 END
REGRESSOR: PATIENT  58 BEGIN
REGRESSOR: PATIENT  58 END
REGRESSOR: PATIENT  48 BEGIN
REGRESSOR: PATIENT  48 END
REGRESSOR: PATIENT  1 BEGIN
REGRESSOR: PATIENT  1 END
REGRESSOR: PATIENT  43 BEGIN
REGRESSOR: PATIENT  43 END
REGRESSOR: PATIENT  21 BEGIN
REGRESSOR: PATIENT  21 END
REGRESSOR: PATIENT  68 BEGIN
REGRESSOR: PATIENT  68 END
REGRESSOR: PATIENT  19 BEGIN
REGRESSOR: PATIENT  19 END
REGRESSOR: PATIENT  62 BEGIN
REGRESSOR: PATIENT  62 END
REGRESSOR: PATIENT  61 BEGIN
REGRESSOR: PATIENT  61 END
REGRESSOR: PATIENT  63 BEGIN
REGRESSOR: PATIENT  63 END
REGRESSOR: PATIENT  4 BEGIN
REGRESSOR: PATIENT  4 END
REGRESSOR: PATIENT  76 BEGIN
REGRESSOR: PATIENT  76 END
REGRESSOR: PATIENT  23 BEGIN
REGRESSOR: PATIENT  23 END
REGRESSOR: PATIENT  20 BEGIN
REGRESSOR: PATIENT  20 END
REGRESSOR: PATIENT  30 BEGIN
REGRESSOR: PATIENT  30 END
REGRESSOR: PATIENT  9 BEGIN
REGRESSOR: PATIENT  9 END
REGRESSOR: PATIENT  39 BEGIN
REGRESSOR: PATIENT  39 END
REGRESSOR: PATIENT  8 BEGIN
REGRESSOR: PATIENT  8 END
REGRESSOR: START FIT
REGRESSOR: END FIT
 ----- CREATING DASHBOARDS ----- 
Expected estimators:  5
Loading ->  Best_model/Trained_models/difference/300_seconds/TimeSeriesKMedoids/gridsearch_c42fbe82af/best_estimator.zip
Loaded ->  Best_model/Trained_models/difference/300_seconds/TimeSeriesKMedoids/gridsearch_c42fbe82af/best_estimator.zip
Loading ->  Best_model/Trained_models/ai/300_seconds/TimeSeriesKMeans/gridsearch_cb762cccb4/best_estimator.zip
Loaded ->  Best_model/Trained_models/ai/300_seconds/TimeSeriesKMeans/gridsearch_cb762cccb4/best_estimator.zip
Loading ->  Best_model/Trained_models/difference/300_seconds/BOSSEnsemble/gridsearch_e52c627f3a/best_estimator.zip
Loaded ->  Best_model/Trained_models/difference/300_seconds/BOSSEnsemble/gridsearch_e52c627f3a/best_estimator.zip
Loading ->  Best_model/Trained_models/concat/300_seconds/BOSSEnsemble/gridsearch_e52c627f3a/best_estimator.zip
Loaded ->  Best_model/Trained_models/concat/300_seconds/BOSSEnsemble/gridsearch_e52c627f3a/best_estimator.zip
Loading ->  Best_model/Trained_models/difference/300_seconds/TimeSeriesKMeans/gridsearch_cb762cccb4/best_estimator.zip
Loaded ->  Best_model/Trained_models/difference/300_seconds/TimeSeriesKMeans/gridsearch_cb762cccb4/best_estimator.zip
Patient  70
 - AHA:      53
 - HP:       [8.65979381443299, 52.47422680412372, 11.752577319587628, 14.845360824742269, 66.90721649484536]
 - AHA predicted from HP:  45.10638444217717
Patient  54
 - AHA:      100
 - HP:       [75.2340425531915, 92.93617021276596, 41.191489361702125, 46.297872340425535, 98.63829787234043]
 - AHA predicted from HP:  90.36912257017974
Patient  75
 - AHA:      46
 - HP:       [42.02127659574468, 74.57446808510639, 35.1063829787234, 34.361702127659576, 85.2127659574468]
 - AHA predicted from HP:  66.43076548055379
Patient  49
 - AHA:      100
 - HP:       [74.35897435897436, 88.64468864468864, 43.223443223443226, 47.74114774114774, 96.82539682539682]
 - AHA predicted from HP:  89.58474616622598
Patient  41
 - AHA:      100
 - HP:       [85.89981447124305, 96.56771799628943, 61.87384044526901, 57.7922077922078, 97.6808905380334]
 - AHA predicted from HP:  96.59631437783935
Patient  25
 - AHA:      42
 - HP:       [10.50698016164585, 64.58486407053637, 0.881704628949302, 4.922850844966936, 79.50036737692872]
 - AHA predicted from HP:  42.51076137888572
Patient  12
 - AHA:      65
 - HP:       [59.01875901875901, 92.64069264069265, 41.99134199134199, 47.61904761904761, 91.91919191919192]
 - AHA predicted from HP:  84.49643195370732
Patient  22
 - AHA:      53
 - HP:       [11.16751269035533, 54.06091370558376, 18.781725888324875, 25.0, 34.13705583756345]
 - AHA predicted from HP:  61.921308505043534
